<?xml version="1.0" encoding="UTF-8"?>
<!-- Generated by org.testng.reporters.JUnitReportReporter -->
<testsuite hostname="CHANDRU" failures="0" tests="8" name="com.Runner.Runner" time="156.072" errors="0" timestamp="2025-04-17T09:49:36 IST" skipped="0">
  <testcase classname="com.Runner.Runner" name="runScenario" time="16.463"/>
  <testcase classname="com.Runner.Runner" name="runScenario" time="16.891"/>
  <testcase classname="com.Runner.Runner" name="runScenario" time="9.146"/>
  <testcase classname="com.Runner.Runner" name="runScenario" time="25.517"/>
  <testcase classname="com.Runner.Runner" name="runScenario" time="23.362"/>
  <testcase classname="com.Runner.Runner" name="runScenario" time="23.130"/>
  <testcase classname="com.Runner.Runner" name="runScenario" time="26.710"/>
  <testcase classname="com.Runner.Runner" name="runScenario" time="14.853"/>
</testsuite> <!-- com.Runner.Runner -->
