<?xml version="1.0" encoding="UTF-8"?>
<!-- Generated by org.testng.reporters.JUnitReportReporter -->
<testsuite hostname="Sevvelkarans-MacBook-Air.local" failures="0" tests="1" name="com.Runner.Runner" time="14.065" errors="0" timestamp="2025-04-28T22:06:45 IST" skipped="0">
  <testcase classname="com.Runner.Runner" name="runScenario" time="14.065"/>
</testsuite> <!-- com.Runner.Runner -->
