<?xml version="1.0" encoding="UTF-8"?>
<!-- Generated by org.testng.reporters.JUnitReportReporter -->
<testsuite hostname="Sevvelkarans-MacBook-Air.local" failures="0" tests="2" name="com.Runner.Runner" time="47.462" errors="0" timestamp="2025-04-15T22:21:59 IST" skipped="0">
  <testcase classname="com.Runner.Runner" name="runScenario" time="30.785"/>
  <testcase classname="com.Runner.Runner" name="runScenario" time="16.677"/>
</testsuite> <!-- com.Runner.Runner -->
