<?xml version="1.0" encoding="UTF-8"?>
<!-- Generated by org.testng.reporters.JUnitReportReporter -->
<testsuite hostname="CHANDRU" failures="0" tests="2" name="com.Runner.Runner" time="33.826" errors="0" timestamp="2025-04-15T14:56:59 IST" skipped="0">
  <testcase classname="com.Runner.Runner" name="runScenario" time="12.973"/>
  <testcase classname="com.Runner.Runner" name="runScenario" time="20.853"/>
</testsuite> <!-- com.Runner.Runner -->
