<?xml version="1.0" encoding="UTF-8"?>
<!-- Generated by org.testng.reporters.JUnitReportReporter -->
<testsuite hostname="DESKTOP-7IL8GUR" failures="0" tests="4" name="com.Runner.Runner" time="194.323" errors="0" timestamp="2025-04-13T20:43:51 IST" skipped="0">
  <testcase classname="com.Runner.Runner" name="runScenario" time="43.801"/>
  <testcase classname="com.Runner.Runner" name="runScenario" time="52.589"/>
  <testcase classname="com.Runner.Runner" name="runScenario" time="52.629"/>
  <testcase classname="com.Runner.Runner" name="runScenario" time="45.304"/>
</testsuite> <!-- com.Runner.Runner -->
