<?xml version="1.0" encoding="UTF-8"?>
<!-- Generated by org.testng.reporters.JUnitReportReporter -->
<testsuite hostname="CHANDRU" failures="0" tests="13" name="com.Runner.Runner" time="328.228" errors="0" timestamp="2025-04-16T14:13:21 IST" skipped="0">
  <testcase classname="com.Runner.Runner" name="runScenario" time="41.486"/>
  <testcase classname="com.Runner.Runner" name="runScenario" time="11.589"/>
  <testcase classname="com.Runner.Runner" name="runScenario" time="15.728"/>
  <testcase classname="com.Runner.Runner" name="runScenario" time="25.009"/>
  <testcase classname="com.Runner.Runner" name="runScenario" time="24.339"/>
  <testcase classname="com.Runner.Runner" name="runScenario" time="24.824"/>
  <testcase classname="com.Runner.Runner" name="runScenario" time="27.257"/>
  <testcase classname="com.Runner.Runner" name="runScenario" time="36.495"/>
  <testcase classname="com.Runner.Runner" name="runScenario" time="11.396"/>
  <testcase classname="com.Runner.Runner" name="runScenario" time="26.360"/>
  <testcase classname="com.Runner.Runner" name="runScenario" time="34.969"/>
  <testcase classname="com.Runner.Runner" name="runScenario" time="18.819"/>
  <testcase classname="com.Runner.Runner" name="runScenario" time="29.957"/>
</testsuite> <!-- com.Runner.Runner -->
