<?xml version="1.0" encoding="UTF-8"?>
<!-- Generated by org.testng.reporters.JUnitReportReporter -->
<testsuite hostname="CHANDRU" failures="0" tests="2" name="com.Runner.Runner" time="37.952" errors="0" timestamp="2025-04-28T16:56:15 IST" skipped="0">
  <testcase classname="com.Runner.Runner" name="runScenario" time="19.751"/>
  <testcase classname="com.Runner.Runner" name="runScenario" time="18.201"/>
</testsuite> <!-- com.Runner.Runner -->
