<?xml version="1.0" encoding="UTF-8"?>
<!-- Generated by org.testng.reporters.JUnitReportReporter -->
<testsuite hostname="CHANDRU" failures="0" tests="2" name="com.Runner.Runner" time="54.364" errors="0" timestamp="2025-04-24T21:51:19 IST" skipped="0">
  <testcase classname="com.Runner.Runner" name="runScenario" time="29.358"/>
  <testcase classname="com.Runner.Runner" name="runScenario" time="25.006"/>
</testsuite> <!-- com.Runner.Runner -->
