<?xml version="1.0" encoding="UTF-8"?>
<!-- Generated by org.testng.reporters.JUnitReportReporter -->
<testsuite hostname="CHANDRU" failures="0" tests="6" name="com.Runner.Runner" time="113.583" errors="0" timestamp="2025-04-24T09:17:18 IST" skipped="0">
  <testcase classname="com.Runner.Runner" name="runScenario" time="26.956"/>
  <testcase classname="com.Runner.Runner" name="runScenario" time="11.518"/>
  <testcase classname="com.Runner.Runner" name="runScenario" time="10.217"/>
  <testcase classname="com.Runner.Runner" name="runScenario" time="18.239"/>
  <testcase classname="com.Runner.Runner" name="runScenario" time="26.077"/>
  <testcase classname="com.Runner.Runner" name="runScenario" time="20.576"/>
</testsuite> <!-- com.Runner.Runner -->
