<?xml version="1.0" encoding="UTF-8"?>
<!-- Generated by org.testng.reporters.JUnitReportReporter -->
<testsuite hostname="CHANDRU" failures="0" tests="1" name="com.Runner.Runner" time="21.901" errors="0" timestamp="2025-05-26T20:30:35 IST" skipped="0">
  <testcase classname="com.Runner.Runner" name="runScenario" time="21.901"/>
</testsuite> <!-- com.Runner.Runner -->
