<?xml version="1.0" encoding="UTF-8"?>
<!-- Generated by org.testng.reporters.JUnitReportReporter -->
<testsuite hostname="Sevvelkarans-MacBook-Air.local" failures="0" tests="11" name="com.Runner.Runner" time="925.235" errors="0" timestamp="2025-05-04T19:24:29 IST" skipped="0">
  <testcase classname="com.Runner.Runner" name="runScenario" time="84.889"/>
  <testcase classname="com.Runner.Runner" name="runScenario" time="88.834"/>
  <testcase classname="com.Runner.Runner" name="runScenario" time="90.265"/>
  <testcase classname="com.Runner.Runner" name="runScenario" time="87.179"/>
  <testcase classname="com.Runner.Runner" name="runScenario" time="107.233"/>
  <testcase classname="com.Runner.Runner" name="runScenario" time="90.212"/>
  <testcase classname="com.Runner.Runner" name="runScenario" time="89.684"/>
  <testcase classname="com.Runner.Runner" name="runScenario" time="90.680"/>
  <testcase classname="com.Runner.Runner" name="runScenario" time="16.990"/>
  <testcase classname="com.Runner.Runner" name="runScenario" time="88.295"/>
  <testcase classname="com.Runner.Runner" name="runScenario" time="90.974"/>
</testsuite> <!-- com.Runner.Runner -->
