<?xml version="1.0" encoding="UTF-8"?>
<!-- Generated by org.testng.reporters.JUnitReportReporter -->
<testsuite hostname="DESKTOP-7IL8GUR" failures="0" tests="19" name="com.Runner.Runner" time="677.518" errors="0" timestamp="2025-04-14T08:49:46 IST" skipped="0">
  <testcase classname="com.Runner.Runner" name="runScenario" time="30.573"/>
  <testcase classname="com.Runner.Runner" name="runScenario" time="36.487"/>
  <testcase classname="com.Runner.Runner" name="runScenario" time="35.976"/>
  <testcase classname="com.Runner.Runner" name="runScenario" time="31.695"/>
  <testcase classname="com.Runner.Runner" name="runScenario" time="29.044"/>
  <testcase classname="com.Runner.Runner" name="runScenario" time="27.812"/>
  <testcase classname="com.Runner.Runner" name="runScenario" time="33.314"/>
  <testcase classname="com.Runner.Runner" name="runScenario" time="32.806"/>
  <testcase classname="com.Runner.Runner" name="runScenario" time="33.362"/>
  <testcase classname="com.Runner.Runner" name="runScenario" time="37.123"/>
  <testcase classname="com.Runner.Runner" name="runScenario" time="40.688"/>
  <testcase classname="com.Runner.Runner" name="runScenario" time="33.012"/>
  <testcase classname="com.Runner.Runner" name="runScenario" time="51.716"/>
  <testcase classname="com.Runner.Runner" name="runScenario" time="43.442"/>
  <testcase classname="com.Runner.Runner" name="runScenario" time="33.276"/>
  <testcase classname="com.Runner.Runner" name="runScenario" time="31.694"/>
  <testcase classname="com.Runner.Runner" name="runScenario" time="40.682"/>
  <testcase classname="com.Runner.Runner" name="runScenario" time="38.239"/>
  <testcase classname="com.Runner.Runner" name="runScenario" time="36.577"/>
</testsuite> <!-- com.Runner.Runner -->
