<?xml version="1.0" encoding="UTF-8"?>
<!-- Generated by org.testng.reporters.JUnitReportReporter -->
<testsuite hostname="CHANDRU" failures="0" tests="2" name="com.Runner.Runner" time="51.902" errors="0" timestamp="2025-04-16T12:58:26 IST" skipped="0">
  <testcase classname="com.Runner.Runner" name="runScenario" time="22.732"/>
  <testcase classname="com.Runner.Runner" name="runScenario" time="29.170"/>
</testsuite> <!-- com.Runner.Runner -->
