<?xml version="1.0" encoding="UTF-8"?>
<!-- Generated by org.testng.reporters.JUnitReportReporter -->
<testsuite hostname="Sevvelkarans-MacBook-Air.local" failures="0" tests="1" name="com.Runner.Runner" time="28.347" errors="0" timestamp="2025-05-26T12:45:22 IST" skipped="0">
  <testcase classname="com.Runner.Runner" name="runScenario" time="28.347"/>
</testsuite> <!-- com.Runner.Runner -->
