<?xml version="1.0" encoding="UTF-8"?>
<!-- Generated by org.testng.reporters.JUnitReportReporter -->
<testsuite hostname="DESKTOP-7IL8GUR" failures="0" tests="4" name="com.Runner.Runner" time="192.145" errors="0" timestamp="2025-04-13T20:24:08 IST" skipped="0">
  <testcase classname="com.Runner.Runner" name="runScenario" time="74.617"/>
  <testcase classname="com.Runner.Runner" name="runScenario" time="38.236"/>
  <testcase classname="com.Runner.Runner" name="runScenario" time="38.692"/>
  <testcase classname="com.Runner.Runner" name="runScenario" time="40.600"/>
</testsuite> <!-- com.Runner.Runner -->
