<?xml version="1.0" encoding="UTF-8"?>
<!-- Generated by org.testng.reporters.JUnitReportReporter -->
<testsuite hostname="Sevvelkarans-MacBook-Air.local" failures="0" tests="2" name="com.Runner.Runner" time="50.885" errors="0" timestamp="2025-04-16T14:27:37 IST" skipped="0">
  <testcase classname="com.Runner.Runner" name="runScenario" time="27.139"/>
  <testcase classname="com.Runner.Runner" name="runScenario" time="23.746"/>
</testsuite> <!-- com.Runner.Runner -->
