<?xml version="1.0" encoding="UTF-8"?>
<!-- Generated by org.testng.reporters.JUnitReportReporter -->
<testsuite hostname="SevvelkaransAir" failures="0" tests="12" name="com.Runner.Runner" time="79.809" errors="0" timestamp="2025-04-12T17:24:04 IST" skipped="0">
  <testcase classname="com.Runner.Runner" name="runScenario" time="31.080"/>
  <testcase classname="com.Runner.Runner" name="runScenario" time="4.492"/>
  <testcase classname="com.Runner.Runner" name="runScenario" time="0.068"/>
  <testcase classname="com.Runner.Runner" name="runScenario" time="0.065"/>
  <testcase classname="com.Runner.Runner" name="runScenario" time="0.099"/>
  <testcase classname="com.Runner.Runner" name="runScenario" time="17.349"/>
  <testcase classname="com.Runner.Runner" name="runScenario" time="1.557"/>
  <testcase classname="com.Runner.Runner" name="runScenario" time="1.340"/>
  <testcase classname="com.Runner.Runner" name="runScenario" time="0.073"/>
  <testcase classname="com.Runner.Runner" name="runScenario" time="0.089"/>
  <testcase classname="com.Runner.Runner" name="runScenario" time="21.815"/>
  <testcase classname="com.Runner.Runner" name="runScenario" time="1.782"/>
</testsuite> <!-- com.Runner.Runner -->
