<?xml version="1.0" encoding="UTF-8"?>
<!-- Generated by org.testng.reporters.JUnitReportReporter -->
<testsuite hostname="DESKTOP-7IL8GUR" failures="0" tests="1" name="com.Runner.Runner" time="51.253" errors="0" timestamp="2025-04-10T22:17:57 IST" skipped="0">
  <testcase classname="com.Runner.Runner" name="runScenario" time="51.253"/>
</testsuite> <!-- com.Runner.Runner -->
