<?xml version="1.0" encoding="UTF-8"?>
<!-- Generated by org.testng.reporters.JUnitReportReporter -->
<testsuite hostname="Sevvelkarans-MacBook-Air.local" failures="0" tests="4" name="com.Runner.Runner" time="25.631" errors="0" timestamp="2025-04-09T22:32:26 IST" skipped="0">
  <testcase classname="com.Runner.Runner" name="runScenario" time="1.459"/>
  <testcase classname="com.Runner.Runner" name="runScenario" time="19.224"/>
  <testcase classname="com.Runner.Runner" name="runScenario" time="2.213"/>
  <testcase classname="com.Runner.Runner" name="runScenario" time="2.735"/>
</testsuite> <!-- com.Runner.Runner -->
