<?xml version="1.0" encoding="UTF-8"?>
<!-- Generated by org.testng.reporters.JUnitReportReporter -->
<testsuite hostname="DESKTOP-7IL8GUR" failures="0" tests="1" name="com.Runner.Runner" time="103.013" errors="0" timestamp="2025-04-10T17:05:56 IST" skipped="0">
  <testcase classname="com.Runner.Runner" name="runScenario" time="103.013"/>
</testsuite> <!-- com.Runner.Runner -->
