<?xml version="1.0" encoding="UTF-8"?>
<!-- Generated by org.testng.reporters.JUnitReportReporter -->
<testsuite hostname="Sevvelkarans-MacBook-Air.local" failures="0" tests="11" name="com.Runner.Runner" time="49.515" errors="0" timestamp="2025-04-10T14:54:47 IST" skipped="0">
  <testcase classname="com.Runner.Runner" name="runScenario" time="0.144"/>
  <testcase classname="com.Runner.Runner" name="runScenario" time="0.123"/>
  <testcase classname="com.Runner.Runner" name="runScenario" time="1.627"/>
  <testcase classname="com.Runner.Runner" name="runScenario" time="2.342"/>
  <testcase classname="com.Runner.Runner" name="runScenario" time="19.638"/>
  <testcase classname="com.Runner.Runner" name="runScenario" time="0.102"/>
  <testcase classname="com.Runner.Runner" name="runScenario" time="18.725"/>
  <testcase classname="com.Runner.Runner" name="runScenario" time="5.180"/>
  <testcase classname="com.Runner.Runner" name="runScenario" time="0.081"/>
  <testcase classname="com.Runner.Runner" name="runScenario" time="1.470"/>
  <testcase classname="com.Runner.Runner" name="runScenario" time="0.083"/>
</testsuite> <!-- com.Runner.Runner -->
